<?xml version="1.0" encoding="UTF-8"?>
<testsuite xmlns:xsi="http://www.w3.org/2001/XMLSchema-instance" xsi:noNamespaceSchemaLocation="https://maven.apache.org/surefire/maven-surefire-plugin/xsd/surefire-test-report.xsd" name="edu.berkeley.cs186.database.recovery.TestRecoveryManager" time="1.381" tests="20" errors="0" skipped="0" failures="1">
  <properties>
    <property name="awt.toolkit" value="sun.awt.X11.XToolkit"/>
    <property name="file.encoding.pkg" value="sun.io"/>
    <property name="java.specification.version" value="1.8"/>
    <property name="sun.cpu.isalist" value=""/>
    <property name="sun.jnu.encoding" value="ANSI_X3.4-1968"/>
    <property name="java.class.path" value="/cs186/csw186_proj5/target/test-classes:/cs186/csw186_proj5/target/classes:/home/ubuntu/.m2/repository/junit/junit/4.12/junit-4.12.jar:/home/ubuntu/.m2/repository/org/hamcrest/hamcrest-core/1.3/hamcrest-core-1.3.jar:"/>
    <property name="java.vm.vendor" value="Oracle Corporation"/>
    <property name="sun.arch.data.model" value="64"/>
    <property name="java.vendor.url" value="http://java.oracle.com/"/>
    <property name="user.timezone" value=""/>
    <property name="java.vm.specification.version" value="1.8"/>
    <property name="os.name" value="Linux"/>
    <property name="user.country" value="US"/>
    <property name="sun.java.launcher" value="SUN_STANDARD"/>
    <property name="sun.boot.library.path" value="/usr/lib/jvm/java-8-openjdk-amd64/jre/lib/amd64"/>
    <property name="sun.java.command" value="/cs186/csw186_proj5/target/surefire/surefirebooter1639312090493245772.jar /cs186/csw186_proj5/target/surefire 2020-04-27T12-13-24_397-jvmRun1 surefire163389925253848868tmp surefire_0735404958786169211tmp"/>
    <property name="surefire.test.class.path" value="/cs186/csw186_proj5/target/test-classes:/cs186/csw186_proj5/target/classes:/home/ubuntu/.m2/repository/junit/junit/4.12/junit-4.12.jar:/home/ubuntu/.m2/repository/org/hamcrest/hamcrest-core/1.3/hamcrest-core-1.3.jar:"/>
    <property name="sun.cpu.endian" value="little"/>
    <property name="user.home" value="/home/ubuntu"/>
    <property name="user.language" value="en"/>
    <property name="java.specification.vendor" value="Oracle Corporation"/>
    <property name="java.home" value="/usr/lib/jvm/java-8-openjdk-amd64/jre"/>
    <property name="basedir" value="/cs186/csw186_proj5"/>
    <property name="file.separator" value="/"/>
    <property name="line.separator" value="&#10;"/>
    <property name="java.vm.specification.vendor" value="Oracle Corporation"/>
    <property name="java.specification.name" value="Java Platform API Specification"/>
    <property name="java.awt.graphicsenv" value="sun.awt.X11GraphicsEnvironment"/>
    <property name="surefire.real.class.path" value="/cs186/csw186_proj5/target/surefire/surefirebooter1639312090493245772.jar"/>
    <property name="sun.boot.class.path" value="/usr/lib/jvm/java-8-openjdk-amd64/jre/lib/resources.jar:/usr/lib/jvm/java-8-openjdk-amd64/jre/lib/rt.jar:/usr/lib/jvm/java-8-openjdk-amd64/jre/lib/sunrsasign.jar:/usr/lib/jvm/java-8-openjdk-amd64/jre/lib/jsse.jar:/usr/lib/jvm/java-8-openjdk-amd64/jre/lib/jce.jar:/usr/lib/jvm/java-8-openjdk-amd64/jre/lib/charsets.jar:/usr/lib/jvm/java-8-openjdk-amd64/jre/lib/jfr.jar:/usr/lib/jvm/java-8-openjdk-amd64/jre/classes"/>
    <property name="sun.management.compiler" value="HotSpot 64-Bit Tiered Compilers"/>
    <property name="java.runtime.version" value="1.8.0_181-8u181-b13-0ubuntu0.16.04.1-b13"/>
    <property name="user.name" value="ubuntu"/>
    <property name="path.separator" value=":"/>
    <property name="os.version" value="4.19.76-linuxkit"/>
    <property name="java.endorsed.dirs" value="/usr/lib/jvm/java-8-openjdk-amd64/jre/lib/endorsed"/>
    <property name="java.runtime.name" value="OpenJDK Runtime Environment"/>
    <property name="file.encoding" value="ANSI_X3.4-1968"/>
    <property name="java.vm.name" value="OpenJDK 64-Bit Server VM"/>
    <property name="localRepository" value="/home/ubuntu/.m2/repository"/>
    <property name="java.vendor.url.bug" value="http://bugreport.sun.com/bugreport/"/>
    <property name="java.io.tmpdir" value="/tmp"/>
    <property name="java.version" value="1.8.0_181"/>
    <property name="user.dir" value="/cs186/csw186_proj5"/>
    <property name="os.arch" value="amd64"/>
    <property name="proj" value="5"/>
    <property name="java.vm.specification.name" value="Java Virtual Machine Specification"/>
    <property name="java.awt.printerjob" value="sun.print.PSPrinterJob"/>
    <property name="sun.os.patch.level" value="unknown"/>
    <property name="java.library.path" value="/usr/java/packages/lib/amd64:/usr/lib/x86_64-linux-gnu/jni:/lib/x86_64-linux-gnu:/usr/lib/x86_64-linux-gnu:/usr/lib/jni:/lib:/usr/lib"/>
    <property name="java.vm.info" value="mixed mode"/>
    <property name="java.vendor" value="Oracle Corporation"/>
    <property name="java.vm.version" value="25.181-b13"/>
    <property name="java.ext.dirs" value="/usr/lib/jvm/java-8-openjdk-amd64/jre/lib/ext:/usr/java/packages/lib/ext"/>
    <property name="sun.io.unicode.encoding" value="UnicodeLittle"/>
    <property name="java.class.version" value="52.0"/>
  </properties>
  <testcase name="testSimpleLogPageWrite" classname="edu.berkeley.cs186.database.recovery.TestRecoveryManager" time="0.212"/>
  <testcase name="testSimpleSavepoint" classname="edu.berkeley.cs186.database.recovery.TestRecoveryManager" time="0.057"/>
  <testcase name="testAnalysisCheckpoints1" classname="edu.berkeley.cs186.database.recovery.TestRecoveryManager" time="0.178"/>
  <testcase name="testAnalysisCheckpoints2" classname="edu.berkeley.cs186.database.recovery.TestRecoveryManager" time="0.191"/>
  <testcase name="testEnd" classname="edu.berkeley.cs186.database.recovery.TestRecoveryManager" time="0.043"/>
  <testcase name="testFlushingRollback" classname="edu.berkeley.cs186.database.recovery.TestRecoveryManager" time="0.082"/>
  <testcase name="testAbort" classname="edu.berkeley.cs186.database.recovery.TestRecoveryManager" time="0.026"/>
  <testcase name="testSimpleCheckpoint" classname="edu.berkeley.cs186.database.recovery.TestRecoveryManager" time="0.025"/>
  <testcase name="testSimpleCommit" classname="edu.berkeley.cs186.database.recovery.TestRecoveryManager" time="0.045"/>
  <testcase name="testUndoCLR" classname="edu.berkeley.cs186.database.recovery.TestRecoveryManager" time="0.053"/>
  <testcase name="testRestartAnalysis" classname="edu.berkeley.cs186.database.recovery.TestRecoveryManager" time="0.029"/>
  <testcase name="testUndoDPTAndFlush" classname="edu.berkeley.cs186.database.recovery.TestRecoveryManager" time="0.045"/>
  <testcase name="testAbortingEnd" classname="edu.berkeley.cs186.database.recovery.TestRecoveryManager" time="0.037"/>
  <testcase name="testRestartRedo" classname="edu.berkeley.cs186.database.recovery.TestRecoveryManager" time="0.029"/>
  <testcase name="testRestartUndo" classname="edu.berkeley.cs186.database.recovery.TestRecoveryManager" time="0.032"/>
  <testcase name="testNestedRollback" classname="edu.berkeley.cs186.database.recovery.TestRecoveryManager" time="0.065"/>
  <testcase name="testTwoPartLogPageWrite" classname="edu.berkeley.cs186.database.recovery.TestRecoveryManager" time="0.035"/>
  <testcase name="testRestart" classname="edu.berkeley.cs186.database.recovery.TestRecoveryManager" time="0.091">
    <failure message="expected:&lt;END_TRANSACTION&gt; but was:&lt;UNDO_UPDATE_PAGE&gt;" type="java.lang.AssertionError"><![CDATA[java.lang.AssertionError: expected:<END_TRANSACTION> but was:<UNDO_UPDATE_PAGE>
	at org.junit.Assert.fail(Assert.java:88)
	at org.junit.Assert.failNotEquals(Assert.java:834)
	at org.junit.Assert.assertEquals(Assert.java:118)
	at org.junit.Assert.assertEquals(Assert.java:144)
	at edu.berkeley.cs186.database.recovery.TestRecoveryManager.testRestart(TestRecoveryManager.java:708)
	at sun.reflect.NativeMethodAccessorImpl.invoke0(Native Method)
	at sun.reflect.NativeMethodAccessorImpl.invoke(NativeMethodAccessorImpl.java:62)
	at sun.reflect.DelegatingMethodAccessorImpl.invoke(DelegatingMethodAccessorImpl.java:43)
	at java.lang.reflect.Method.invoke(Method.java:498)
	at org.junit.runners.model.FrameworkMethod$1.runReflectiveCall(FrameworkMethod.java:50)
	at org.junit.internal.runners.model.ReflectiveCallable.run(ReflectiveCallable.java:12)
	at org.junit.runners.model.FrameworkMethod.invokeExplosively(FrameworkMethod.java:47)
	at org.junit.internal.runners.statements.InvokeMethod.evaluate(InvokeMethod.java:17)
	at org.junit.internal.runners.statements.RunBefores.evaluate(RunBefores.java:26)
	at org.junit.internal.runners.statements.RunAfters.evaluate(RunAfters.java:27)
	at org.junit.internal.runners.statements.FailOnTimeout$CallableStatement.call(FailOnTimeout.java:298)
	at org.junit.internal.runners.statements.FailOnTimeout$CallableStatement.call(FailOnTimeout.java:292)
	at java.util.concurrent.FutureTask.run(FutureTask.java:266)
	at java.lang.Thread.run(Thread.java:748)
]]></failure>
    <system-out><![CDATA[In abort()
logRecord: BeginCheckpointLogRecord{maxTransNum=0, LSN=9}
logRecord: EndCheckpointLogRecord{dirtyPageTable={}, transactionTable={}, touchedPages={}, LSN=18}
EndCheckpoint Record LSN: 18
logRecord: UpdatePageLogRecord{transNum=1, pageNum=10000000001, offset=0, before=[0, 0, 0, 0], after=[-70, -83, -16, 13], prevLSN=0, LSN=25}
logRecord: UpdatePageLogRecord{transNum=2, pageNum=10000000003, offset=0, before=[0, 0, 0, 0], after=[-70, -83, -16, 13], prevLSN=0, LSN=64}
logRecord: CommitTransactionLogRecord{transNum=1, prevLSN=25, LSN=103}
logRecord: UpdatePageLogRecord{transNum=3, pageNum=10000000004, offset=0, before=[0, 0, 0, 0], after=[-70, -83, -16, 13], prevLSN=0, LSN=10000}
logRecord: UpdatePageLogRecord{transNum=2, pageNum=10000000001, offset=0, before=[-70, -83, -16, 13], after=[0, 0, 0, 0], prevLSN=64, LSN=10039}
logRecord: EndTransactionLogRecord{transNum=1, prevLSN=103, LSN=10078}
logRecord: UpdatePageLogRecord{transNum=3, pageNum=10000000002, offset=0, before=[0, 0, 0, 0], after=[-70, -83, -16, 13], prevLSN=10000, LSN=10095}
logRecord: AbortTransactionLogRecord{transNum=2, prevLSN=10039, LSN=10134}
restartRedo entered
Loop: Extracting out largest LSN
logRecordLSN: 20000
Loop: Extracting out largest LSN
logRecordLSN: 10134
Loop: Extracting out largest LSN
logRecordLSN: 10095
clrLSN: 20017
Loop: Extracting out largest LSN
logRecordLSN: 10039
clrLSN: 20058
Loop: Extracting out largest LSN
logRecordLSN: 10000
clrLSN: 20099
Loop: Extracting out largest LSN
logRecordLSN: 64
clrLSN: 20140
Loop: Extracting out largest LSN
logRecordLSN: 0
Loop: Extracting out largest LSN
logRecordLSN: 0
]]></system-out>
  </testcase>
  <testcase name="testSimpleRestart" classname="edu.berkeley.cs186.database.recovery.TestRecoveryManager" time="0.058"/>
  <testcase name="testRestartCleanup1" classname="edu.berkeley.cs186.database.recovery.TestRecoveryManager" time="0.041"/>
</testsuite>